\BOOKMARK [0][-]{chapter*.1}{Agradecimientos}{}% 1
\BOOKMARK [0][-]{chapter*.2}{Resumen}{}% 2
\BOOKMARK [0][-]{chapter*.3}{Summary}{}% 3
\BOOKMARK [0][-]{section*.5}{Lista de figuras}{}% 4
\BOOKMARK [0][-]{chapter.1}{Introducci\363n}{}% 5
\BOOKMARK [1][-]{section.1.1}{Descripci\363n del proyecto}{chapter.1}% 6
\BOOKMARK [1][-]{section.1.2}{Contexto tecnol\363gico}{chapter.1}% 7
\BOOKMARK [0][-]{chapter.2}{Objetivos}{}% 8
\BOOKMARK [1][-]{section.2.1}{Objetivo general}{chapter.2}% 9
\BOOKMARK [1][-]{section.2.2}{Objetivos espec\355ficos}{chapter.2}% 10
\BOOKMARK [0][-]{chapter.3}{Tecnolog\355as utilizadas}{}% 11
\BOOKMARK [1][-]{section.3.1}{Django y Python}{chapter.3}% 12
\BOOKMARK [2][-]{subsection.3.1.1}{Django}{section.3.1}% 13
\BOOKMARK [2][-]{subsection.3.1.2}{Python}{section.3.1}% 14
\BOOKMARK [1][-]{section.3.2}{HTML5}{chapter.3}% 15
\BOOKMARK [1][-]{section.3.3}{JavaScript}{chapter.3}% 16
\BOOKMARK [2][-]{subsection.3.3.1}{jQuery}{section.3.3}% 17
\BOOKMARK [2][-]{subsection.3.3.2}{jQuery-ui}{section.3.3}% 18
\BOOKMARK [2][-]{subsection.3.3.3}{AJAX}{section.3.3}% 19
\BOOKMARK [2][-]{subsection.3.3.4}{JSON}{section.3.3}% 20
\BOOKMARK [1][-]{section.3.4}{CSS3}{chapter.3}% 21
\BOOKMARK [1][-]{section.3.5}{BootStrap}{chapter.3}% 22
\BOOKMARK [1][-]{section.3.6}{Git}{chapter.3}% 23
\BOOKMARK [1][-]{section.3.7}{Pivotal tracker}{chapter.3}% 24
\BOOKMARK [1][-]{section.3.8}{Crontab}{chapter.3}% 25
\BOOKMARK [0][-]{chapter.4}{Dise\361o e implementaci\363n}{}% 26
\BOOKMARK [1][-]{section.4.1}{Arquitectura general}{chapter.4}% 27
\BOOKMARK [1][-]{section.4.2}{Estructura Django del proyecto}{chapter.4}% 28
\BOOKMARK [2][-]{subsection.4.2.1}{Introducci\363n a la estructura de Django}{section.4.2}% 29
\BOOKMARK [2][-]{subsection.4.2.2}{Dise\361o de la base de datos}{section.4.2}% 30
\BOOKMARK [2][-]{subsection.4.2.3}{Estructura de documentos HTML}{section.4.2}% 31
\BOOKMARK [2][-]{subsection.4.2.4}{Dise\361o de las vistas y URLs}{section.4.2}% 32
\BOOKMARK [0][-]{chapter.5}{Prueba en entorno real}{}% 33
\BOOKMARK [1][-]{section.5.1}{Preparaci\363n de la prueba}{chapter.5}% 34
\BOOKMARK [2][-]{subsection.5.1.1}{Pasos iniciales}{section.5.1}% 35
\BOOKMARK [2][-]{subsection.5.1.2}{Archivo nohup.out}{section.5.1}% 36
\BOOKMARK [2][-]{subsection.5.1.3}{Control estad\355stico}{section.5.1}% 37
\BOOKMARK [1][-]{section.5.2}{Resultados de la prueba}{chapter.5}% 38
\BOOKMARK [0][-]{chapter.6}{Conclusiones}{}% 39
\BOOKMARK [1][-]{section.6.1}{Consecuci\363n de objetivos}{chapter.6}% 40
\BOOKMARK [1][-]{section.6.2}{Aplicaci\363n de lo aprendido}{chapter.6}% 41
\BOOKMARK [1][-]{section.6.3}{Lecciones aprendidas}{chapter.6}% 42
\BOOKMARK [1][-]{section.6.4}{Trabajos futuros}{chapter.6}% 43
\BOOKMARK [0][-]{appendix.Alph1}{Instalaci\363n y uso}{}% 44
\BOOKMARK [1][-]{section.Alph1.1}{Instalaci\363n del entorno en el servidor}{appendix.Alph1}% 45
\BOOKMARK [1][-]{section.Alph1.2}{Uso de la aplicaci\363n}{appendix.Alph1}% 46
\BOOKMARK [0][-]{appendix.Alph2}{Manual de usuario}{}% 47
\BOOKMARK [1][-]{section.Alph2.1}{P\341gina de inicio}{appendix.Alph2}% 48
\BOOKMARK [1][-]{section.Alph2.2}{P\341gina de registro}{appendix.Alph2}% 49
\BOOKMARK [1][-]{section.Alph2.3}{Presentaci\363n de tutor}{appendix.Alph2}% 50
\BOOKMARK [1][-]{section.Alph2.4}{Presentaci\363n de alumno}{appendix.Alph2}% 51
\BOOKMARK [1][-]{section.Alph2.5}{Personalizar dise\361o}{appendix.Alph2}% 52
\BOOKMARK [1][-]{section.Alph2.6}{Hilo de alumno}{appendix.Alph2}% 53
\BOOKMARK [2][-]{subsection.Alph2.6.1}{Entradas}{section.Alph2.6}% 54
\BOOKMARK [2][-]{subsection.Alph2.6.2}{Logo}{section.Alph2.6}% 55
\BOOKMARK [2][-]{subsection.Alph2.6.3}{Entradas m\341s valoradas}{section.Alph2.6}% 56
\BOOKMARK [2][-]{subsection.Alph2.6.4}{Usuarios suscritos}{section.Alph2.6}% 57
\BOOKMARK [2][-]{subsection.Alph2.6.5}{Paginador y flecha}{section.Alph2.6}% 58
\BOOKMARK [1][-]{section.Alph2.7}{Hilo de profesor}{appendix.Alph2}% 59
\BOOKMARK [1][-]{section.Alph2.8}{Opciones de men\372 en cabecera}{appendix.Alph2}% 60
\BOOKMARK [2][-]{subsection.Alph2.8.1}{Mis hilos}{section.Alph2.8}% 61
\BOOKMARK [2][-]{subsection.Alph2.8.2}{T\355tulo del hilo}{section.Alph2.8}% 62
\BOOKMARK [2][-]{subsection.Alph2.8.3}{Buscar}{section.Alph2.8}% 63
\BOOKMARK [2][-]{subsection.Alph2.8.4}{Puntuaci\363n}{section.Alph2.8}% 64
\BOOKMARK [2][-]{subsection.Alph2.8.5}{Ayuda}{section.Alph2.8}% 65
\BOOKMARK [2][-]{subsection.Alph2.8.6}{Cierre de sesi\363n}{section.Alph2.8}% 66
\BOOKMARK [0][-]{appendix.Alph3}{Descarga de la aplicaci\363n}{}% 67
\BOOKMARK [0][-]{appendix*.26}{Bibliograf\355a}{}% 68
